<?xml version="1.0" encoding="UTF-8"?>
<!-- Generated by org.testng.reporters.JUnitXMLReporter -->
<testsuite hostname="DESKTOP-N7G69G5" ignored="0" name="Cnn Home" tests="1" failures="0" timestamp="06 Jan 2018 17:34:33 GMT" time="0.103" errors="0">
  <testcase name="@BeforeMethod setUp" time="0.066" classname="base.CommonAPI">
    <failure type="java.lang.IllegalStateException" message="The path to the driver executable must be set by the webdriver.chrome.driver system property; for more information, see https://github.com/SeleniumHQ/selenium/wiki/ChromeDriver. The latest version can be downloaded from http://chromedriver.storage.googleapis.com/index.html">
      <![CDATA[java.lang.IllegalStateException: The path to the driver executable must be set by the webdriver.chrome.driver system property; for more information, see https://github.com/SeleniumHQ/selenium/wiki/ChromeDriver. The latest version can be downloaded from http://chromedriver.storage.googleapis.com/index.htmlat com.google.common.base.Preconditions.checkState(Preconditions.java:754)at org.openqa.selenium.remote.service.DriverService.findExecutable(DriverService.java:124)at org.openqa.selenium.chrome.ChromeDriverService.access$000(ChromeDriverService.java:32)at org.openqa.selenium.chrome.ChromeDriverService$Builder.findDefaultExecutable(ChromeDriverService.java:137)at org.openqa.selenium.remote.service.DriverService$Builder.build(DriverService.java:339)at org.openqa.selenium.chrome.ChromeDriverService.createDefaultService(ChromeDriverService.java:88)at org.openqa.selenium.chrome.ChromeDriver.<init>(ChromeDriver.java:123)at base.CommonAPI.getLocalDriver(CommonAPI.java:73)at base.CommonAPI.setUp(CommonAPI.java:52)... Removed 32 stack frames]]>
    </failure>
  </testcase> <!-- @BeforeMethod setUp -->
  <testcase name="@AfterMethod cleanUp" time="0.0" classname="base.CommonAPI">
    <skipped/>
  </testcase> <!-- @AfterMethod cleanUp -->
  <testcase name="test1" time="0.0" classname="home.TestHome">
    <skipped/>
  </testcase> <!-- test1 -->
</testsuite> <!-- Cnn Home -->
