<?xml version="1.0" encoding="UTF-8"?>
<testng-results skipped="0" failed="0" ignored="0" total="1" passed="1">
  <reporter-output>
  </reporter-output>
  <suite name="Amazon Automation Test" duration-ms="11581" started-at="2018-01-06T17:35:14Z" finished-at="2018-01-06T17:35:25Z">
    <groups>
    </groups>
    <test name="Amazon Home" duration-ms="11581" started-at="2018-01-06T17:35:14Z" finished-at="2018-01-06T17:35:25Z">
      <class name="home.SearchMenu">
        <test-method status="PASS" signature="setUp(boolean, java.lang.String, java.lang.String, java.lang.String, java.lang.String, java.lang.String, java.lang.String)[pri:0, instance:home.SearchMenu@48503868]" name="setUp" is-config="true" duration-ms="10320" started-at="2018-01-06T09:35:14Z" finished-at="2018-01-06T09:35:24Z">
          <params>
            <param index="0">
              <value>
                <![CDATA[false]]>
              </value>
            </param>
            <param index="1">
              <value>
                <![CDATA[false]]>
              </value>
            </param>
            <param index="2">
              <value>
                <![CDATA[windows]]>
              </value>
            </param>
            <param index="3">
              <value>
                <![CDATA[10]]>
              </value>
            </param>
            <param index="4">
              <value>
                <![CDATA[chrome]]>
              </value>
            </param>
            <param index="5">
              <value>
                <![CDATA[34]]>
              </value>
            </param>
            <param index="6">
              <value>
                <![CDATA[https://www.amazon.com]]>
              </value>
            </param>
          </params>
          <reporter-output>
          </reporter-output>
        </test-method> <!-- setUp -->
        <test-method status="PASS" signature="test1()[pri:0, instance:home.SearchMenu@48503868]" name="test1" duration-ms="305" started-at="2018-01-06T09:35:24Z" finished-at="2018-01-06T09:35:24Z">
          <reporter-output>
          </reporter-output>
        </test-method> <!-- test1 -->
        <test-method status="PASS" signature="cleanUp()[pri:0, instance:home.SearchMenu@48503868]" name="cleanUp" is-config="true" duration-ms="935" started-at="2018-01-06T09:35:24Z" finished-at="2018-01-06T09:35:25Z">
          <reporter-output>
          </reporter-output>
        </test-method> <!-- cleanUp -->
      </class> <!-- home.SearchMenu -->
    </test> <!-- Amazon Home -->
  </suite> <!-- Amazon Automation Test -->
</testng-results>
